<?xml version="1.0" encoding="UTF-8"?>
<!-- Generated by org.testng.reporters.JUnitXMLReporter -->
<testsuite hostname="Trisha" ignored="0" name="Default test" tests="16" failures="0" timestamp="2020-12-20T01:42:56 IST" time="205.678" errors="0">
  <testcase name="TestPageTitle" time="6.077" classname="automation.Testing"/>
  <testcase name="LogoTest" time="5.838" classname="automation.Testing"/>
  <testcase name="VisionMissionLinkTest" time="8.884" classname="automation.Testing"/>
  <testcase name="VisionMissionNoOfLinksTest" time="4.514" classname="automation.Testing"/>
  <testcase name="ExecutiveTeamTextElementTest" time="3.422" classname="automation.Testing"/>
  <testcase name="JoinUsLinkTest" time="7.639" classname="automation.Testing"/>
  <testcase name="JoinUsPageNoOfLinkTest" time="5.312" classname="automation.Testing"/>
  <testcase name="InternshipPositionTextElementTest" time="4.23" classname="automation.Testing"/>
  <testcase name="VisitNowLinkTest" time="6.286" classname="automation.Testing"/>
  <testcase name="PoliciesNoOfLinkTest" time="4.355" classname="automation.Testing"/>
  <testcase name="PoliciesCorrectPageDisplayedTest" time="3.665" classname="automation.Testing"/>
  <testcase name="ContactUsLinkTest" time="9.622" classname="automation.Testing"/>
  <testcase name="ContactUsNoOfLinksTest" time="3.799" classname="automation.Testing"/>
  <testcase name="SparksPageGlobalLinkTest" time="6.193" classname="automation.Testing"/>
  <testcase name="CorrectPageDisplayedTest" time="8.573" classname="automation.Testing"/>
  <testcase name="NoOfLinkTest" time="8.66" classname="automation.Testing"/>
</testsuite> <!-- Default test -->
