<?xml version="1.0" encoding="UTF-8"?>
<!-- Generated by org.testng.reporters.JUnitXMLReporter -->
<testsuite hostname="Trisha" ignored="0" name="Default test" tests="16" failures="0" timestamp="2020-12-19T05:26:48 IST" time="184.247" errors="0">
  <testcase name="TestPageTitle" time="6.808" classname="automation.Testing"/>
  <testcase name="LogoTest" time="5.392" classname="automation.Testing"/>
  <testcase name="VisionMissionLinkTest" time="7.116" classname="automation.Testing"/>
  <testcase name="VisionMissionNoOfLinksTest" time="4.686" classname="automation.Testing"/>
  <testcase name="ExecutiveTeamTextElementTest" time="4.47" classname="automation.Testing"/>
  <testcase name="JoinUsLinkTest" time="6.957" classname="automation.Testing"/>
  <testcase name="JoinUsPageNoOfLinkTest" time="4.413" classname="automation.Testing"/>
  <testcase name="InternshipPositionTextElementTest" time="3.501" classname="automation.Testing"/>
  <testcase name="VisitNowLinkTest" time="4.867" classname="automation.Testing"/>
  <testcase name="PoliciesNoOfLinkTest" time="3.565" classname="automation.Testing"/>
  <testcase name="PoliciesCorrectPageDisplayedTest" time="3.413" classname="automation.Testing"/>
  <testcase name="ContactUsLinkTest" time="6.187" classname="automation.Testing"/>
  <testcase name="ContactUsNoOfLinksTest" time="3.463" classname="automation.Testing"/>
  <testcase name="SparksPageGlobalLinkTest" time="4.809" classname="automation.Testing"/>
  <testcase name="CorrectPageDisplayedTest" time="7.446" classname="automation.Testing"/>
  <testcase name="NoOfLinkTest" time="7.095" classname="automation.Testing"/>
</testsuite> <!-- Default test -->
