<?xml version="1.0" encoding="UTF-8"?>
<testng-results skipped="0" failed="0" ignored="0" total="16" passed="16">
  <reporter-output>
  </reporter-output>
  <suite name="Default suite" duration-ms="205678" started-at="2020-12-20T01:39:30 IST" finished-at="2020-12-20T01:42:56 IST">
    <groups>
      <group name="Policies and Code">
        <method signature="Testing.PoliciesCorrectPageDisplayedTest()[pri:11, instance:automation.Testing@35d176f7]" name="PoliciesCorrectPageDisplayedTest" class="automation.Testing"/>
        <method signature="Testing.PoliciesNoOfLinkTest()[pri:10, instance:automation.Testing@35d176f7]" name="PoliciesNoOfLinkTest" class="automation.Testing"/>
      </group> <!-- Policies and Code -->
      <group name="Vision &amp; Mission">
        <method signature="Testing.ExecutiveTeamTextElementTest()[pri:5, instance:automation.Testing@35d176f7]" name="ExecutiveTeamTextElementTest" class="automation.Testing"/>
        <method signature="Testing.VisionMissionNoOfLinksTest()[pri:4, instance:automation.Testing@35d176f7]" name="VisionMissionNoOfLinksTest" class="automation.Testing"/>
      </group> <!-- Vision & Mission -->
      <group name="Sparks Page (Global)">
        <method signature="Testing.CorrectPageDisplayedTest()[pri:15, instance:automation.Testing@35d176f7]" name="CorrectPageDisplayedTest" class="automation.Testing"/>
        <method signature="Testing.NoOfLinkTest()[pri:16, instance:automation.Testing@35d176f7]" name="NoOfLinkTest" class="automation.Testing"/>
      </group> <!-- Sparks Page (Global) -->
      <group name="Contact Us">
        <method signature="Testing.ContactUsNoOfLinksTest()[pri:13, instance:automation.Testing@35d176f7]" name="ContactUsNoOfLinksTest" class="automation.Testing"/>
      </group> <!-- Contact Us -->
      <group name="Home Page">
        <method signature="Testing.ContactUsLinkTest()[pri:12, instance:automation.Testing@35d176f7]" name="ContactUsLinkTest" class="automation.Testing"/>
        <method signature="Testing.JoinUsLinkTest()[pri:6, instance:automation.Testing@35d176f7]" name="JoinUsLinkTest" class="automation.Testing"/>
        <method signature="Testing.LogoTest()[pri:2, instance:automation.Testing@35d176f7]" name="LogoTest" class="automation.Testing"/>
        <method signature="Testing.SparksPageGlobalLinkTest()[pri:14, instance:automation.Testing@35d176f7]" name="SparksPageGlobalLinkTest" class="automation.Testing"/>
        <method signature="Testing.TestPageTitle()[pri:1, instance:automation.Testing@35d176f7]" name="TestPageTitle" class="automation.Testing"/>
        <method signature="Testing.VisionMissionLinkTest()[pri:3, instance:automation.Testing@35d176f7]" name="VisionMissionLinkTest" class="automation.Testing"/>
        <method signature="Testing.VisitNowLinkTest()[pri:9, instance:automation.Testing@35d176f7]" name="VisitNowLinkTest" class="automation.Testing"/>
      </group> <!-- Home Page -->
      <group name="Join Us Page">
        <method signature="Testing.InternshipPositionTextElementTest()[pri:8, instance:automation.Testing@35d176f7]" name="InternshipPositionTextElementTest" class="automation.Testing"/>
        <method signature="Testing.JoinUsPageNoOfLinkTest()[pri:7, instance:automation.Testing@35d176f7]" name="JoinUsPageNoOfLinkTest" class="automation.Testing"/>
      </group> <!-- Join Us Page -->
    </groups>
    <test name="Default test" duration-ms="205678" started-at="2020-12-20T01:39:30 IST" finished-at="2020-12-20T01:42:56 IST">
      <class name="automation.Testing">
        <test-method status="PASS" signature="setUp()[pri:0, instance:automation.Testing@35d176f7]" name="setUp" is-config="true" duration-ms="6915" started-at="2020-12-20T01:39:30 IST" finished-at="2020-12-20T01:39:37 IST">
          <reporter-output>
          </reporter-output>
        </test-method> <!-- setUp -->
        <test-method status="PASS" signature="TestPageTitle()[pri:1, instance:automation.Testing@35d176f7]" name="TestPageTitle" duration-ms="6077" started-at="2020-12-20T01:39:37 IST" finished-at="2020-12-20T01:39:43 IST">
          <reporter-output>
          </reporter-output>
        </test-method> <!-- TestPageTitle -->
        <test-method status="PASS" signature="close()[pri:0, instance:automation.Testing@35d176f7]" name="close" is-config="true" duration-ms="1122" started-at="2020-12-20T01:39:43 IST" finished-at="2020-12-20T01:39:44 IST">
          <reporter-output>
          </reporter-output>
        </test-method> <!-- close -->
        <test-method status="PASS" signature="setUp()[pri:0, instance:automation.Testing@35d176f7]" name="setUp" is-config="true" duration-ms="6003" started-at="2020-12-20T01:39:44 IST" finished-at="2020-12-20T01:39:50 IST">
          <reporter-output>
          </reporter-output>
        </test-method> <!-- setUp -->
        <test-method status="PASS" signature="LogoTest()[pri:2, instance:automation.Testing@35d176f7]" name="LogoTest" duration-ms="5838" started-at="2020-12-20T01:39:50 IST" finished-at="2020-12-20T01:39:56 IST">
          <reporter-output>
          </reporter-output>
        </test-method> <!-- LogoTest -->
        <test-method status="PASS" signature="close()[pri:0, instance:automation.Testing@35d176f7]" name="close" is-config="true" duration-ms="801" started-at="2020-12-20T01:39:56 IST" finished-at="2020-12-20T01:39:57 IST">
          <reporter-output>
          </reporter-output>
        </test-method> <!-- close -->
        <test-method status="PASS" signature="setUp()[pri:0, instance:automation.Testing@35d176f7]" name="setUp" is-config="true" duration-ms="5858" started-at="2020-12-20T01:39:57 IST" finished-at="2020-12-20T01:40:03 IST">
          <reporter-output>
          </reporter-output>
        </test-method> <!-- setUp -->
        <test-method status="PASS" signature="VisionMissionLinkTest()[pri:3, instance:automation.Testing@35d176f7]" name="VisionMissionLinkTest" duration-ms="8884" started-at="2020-12-20T01:40:03 IST" finished-at="2020-12-20T01:40:11 IST">
          <reporter-output>
          </reporter-output>
        </test-method> <!-- VisionMissionLinkTest -->
        <test-method status="PASS" signature="close()[pri:0, instance:automation.Testing@35d176f7]" name="close" is-config="true" duration-ms="1110" started-at="2020-12-20T01:40:11 IST" finished-at="2020-12-20T01:40:13 IST">
          <reporter-output>
          </reporter-output>
        </test-method> <!-- close -->
        <test-method status="PASS" signature="setUp()[pri:0, instance:automation.Testing@35d176f7]" name="setUp" is-config="true" duration-ms="5399" started-at="2020-12-20T01:40:13 IST" finished-at="2020-12-20T01:40:18 IST">
          <reporter-output>
          </reporter-output>
        </test-method> <!-- setUp -->
        <test-method status="PASS" signature="VisionMissionNoOfLinksTest()[pri:4, instance:automation.Testing@35d176f7]" name="VisionMissionNoOfLinksTest" duration-ms="4514" started-at="2020-12-20T01:40:18 IST" finished-at="2020-12-20T01:40:22 IST">
          <reporter-output>
          </reporter-output>
        </test-method> <!-- VisionMissionNoOfLinksTest -->
        <test-method status="PASS" signature="close()[pri:0, instance:automation.Testing@35d176f7]" name="close" is-config="true" duration-ms="619" started-at="2020-12-20T01:40:22 IST" finished-at="2020-12-20T01:40:23 IST">
          <reporter-output>
          </reporter-output>
        </test-method> <!-- close -->
        <test-method status="PASS" signature="setUp()[pri:0, instance:automation.Testing@35d176f7]" name="setUp" is-config="true" duration-ms="5389" started-at="2020-12-20T01:40:23 IST" finished-at="2020-12-20T01:40:28 IST">
          <reporter-output>
          </reporter-output>
        </test-method> <!-- setUp -->
        <test-method status="PASS" signature="ExecutiveTeamTextElementTest()[pri:5, instance:automation.Testing@35d176f7]" name="ExecutiveTeamTextElementTest" duration-ms="3422" started-at="2020-12-20T01:40:28 IST" finished-at="2020-12-20T01:40:32 IST">
          <reporter-output>
          </reporter-output>
        </test-method> <!-- ExecutiveTeamTextElementTest -->
        <test-method status="PASS" signature="close()[pri:0, instance:automation.Testing@35d176f7]" name="close" is-config="true" duration-ms="1133" started-at="2020-12-20T01:40:32 IST" finished-at="2020-12-20T01:40:33 IST">
          <reporter-output>
          </reporter-output>
        </test-method> <!-- close -->
        <test-method status="PASS" signature="setUp()[pri:0, instance:automation.Testing@35d176f7]" name="setUp" is-config="true" duration-ms="5300" started-at="2020-12-20T01:40:33 IST" finished-at="2020-12-20T01:40:38 IST">
          <reporter-output>
          </reporter-output>
        </test-method> <!-- setUp -->
        <test-method status="PASS" signature="JoinUsLinkTest()[pri:6, instance:automation.Testing@35d176f7]" name="JoinUsLinkTest" duration-ms="7639" started-at="2020-12-20T01:40:38 IST" finished-at="2020-12-20T01:40:46 IST">
          <reporter-output>
          </reporter-output>
        </test-method> <!-- JoinUsLinkTest -->
        <test-method status="PASS" signature="close()[pri:0, instance:automation.Testing@35d176f7]" name="close" is-config="true" duration-ms="1300" started-at="2020-12-20T01:40:46 IST" finished-at="2020-12-20T01:40:47 IST">
          <reporter-output>
          </reporter-output>
        </test-method> <!-- close -->
        <test-method status="PASS" signature="setUp()[pri:0, instance:automation.Testing@35d176f7]" name="setUp" is-config="true" duration-ms="5837" started-at="2020-12-20T01:40:47 IST" finished-at="2020-12-20T01:40:53 IST">
          <reporter-output>
          </reporter-output>
        </test-method> <!-- setUp -->
        <test-method status="PASS" signature="JoinUsPageNoOfLinkTest()[pri:7, instance:automation.Testing@35d176f7]" name="JoinUsPageNoOfLinkTest" duration-ms="5312" started-at="2020-12-20T01:40:53 IST" finished-at="2020-12-20T01:40:58 IST">
          <reporter-output>
          </reporter-output>
        </test-method> <!-- JoinUsPageNoOfLinkTest -->
        <test-method status="PASS" signature="close()[pri:0, instance:automation.Testing@35d176f7]" name="close" is-config="true" duration-ms="1158" started-at="2020-12-20T01:40:58 IST" finished-at="2020-12-20T01:41:00 IST">
          <reporter-output>
          </reporter-output>
        </test-method> <!-- close -->
        <test-method status="PASS" signature="setUp()[pri:0, instance:automation.Testing@35d176f7]" name="setUp" is-config="true" duration-ms="6358" started-at="2020-12-20T01:41:00 IST" finished-at="2020-12-20T01:41:06 IST">
          <reporter-output>
          </reporter-output>
        </test-method> <!-- setUp -->
        <test-method status="PASS" signature="InternshipPositionTextElementTest()[pri:8, instance:automation.Testing@35d176f7]" name="InternshipPositionTextElementTest" duration-ms="4230" started-at="2020-12-20T01:41:06 IST" finished-at="2020-12-20T01:41:10 IST">
          <reporter-output>
          </reporter-output>
        </test-method> <!-- InternshipPositionTextElementTest -->
        <test-method status="PASS" signature="close()[pri:0, instance:automation.Testing@35d176f7]" name="close" is-config="true" duration-ms="623" started-at="2020-12-20T01:41:10 IST" finished-at="2020-12-20T01:41:11 IST">
          <reporter-output>
          </reporter-output>
        </test-method> <!-- close -->
        <test-method status="PASS" signature="setUp()[pri:0, instance:automation.Testing@35d176f7]" name="setUp" is-config="true" duration-ms="5923" started-at="2020-12-20T01:41:11 IST" finished-at="2020-12-20T01:41:17 IST">
          <reporter-output>
          </reporter-output>
        </test-method> <!-- setUp -->
        <test-method status="PASS" signature="VisitNowLinkTest()[pri:9, instance:automation.Testing@35d176f7]" name="VisitNowLinkTest" duration-ms="6286" started-at="2020-12-20T01:41:17 IST" finished-at="2020-12-20T01:41:23 IST">
          <reporter-output>
          </reporter-output>
        </test-method> <!-- VisitNowLinkTest -->
        <test-method status="PASS" signature="close()[pri:0, instance:automation.Testing@35d176f7]" name="close" is-config="true" duration-ms="883" started-at="2020-12-20T01:41:23 IST" finished-at="2020-12-20T01:41:24 IST">
          <reporter-output>
          </reporter-output>
        </test-method> <!-- close -->
        <test-method status="PASS" signature="setUp()[pri:0, instance:automation.Testing@35d176f7]" name="setUp" is-config="true" duration-ms="6466" started-at="2020-12-20T01:41:24 IST" finished-at="2020-12-20T01:41:30 IST">
          <reporter-output>
          </reporter-output>
        </test-method> <!-- setUp -->
        <test-method status="PASS" signature="PoliciesNoOfLinkTest()[pri:10, instance:automation.Testing@35d176f7]" name="PoliciesNoOfLinkTest" duration-ms="4355" started-at="2020-12-20T01:41:30 IST" finished-at="2020-12-20T01:41:35 IST">
          <reporter-output>
          </reporter-output>
        </test-method> <!-- PoliciesNoOfLinkTest -->
        <test-method status="PASS" signature="close()[pri:0, instance:automation.Testing@35d176f7]" name="close" is-config="true" duration-ms="1378" started-at="2020-12-20T01:41:35 IST" finished-at="2020-12-20T01:41:36 IST">
          <reporter-output>
          </reporter-output>
        </test-method> <!-- close -->
        <test-method status="PASS" signature="setUp()[pri:0, instance:automation.Testing@35d176f7]" name="setUp" is-config="true" duration-ms="5475" started-at="2020-12-20T01:41:36 IST" finished-at="2020-12-20T01:41:42 IST">
          <reporter-output>
          </reporter-output>
        </test-method> <!-- setUp -->
        <test-method status="PASS" signature="PoliciesCorrectPageDisplayedTest()[pri:11, instance:automation.Testing@35d176f7]" name="PoliciesCorrectPageDisplayedTest" duration-ms="3665" started-at="2020-12-20T01:41:42 IST" finished-at="2020-12-20T01:41:45 IST">
          <reporter-output>
          </reporter-output>
        </test-method> <!-- PoliciesCorrectPageDisplayedTest -->
        <test-method status="PASS" signature="close()[pri:0, instance:automation.Testing@35d176f7]" name="close" is-config="true" duration-ms="620" started-at="2020-12-20T01:41:45 IST" finished-at="2020-12-20T01:41:46 IST">
          <reporter-output>
          </reporter-output>
        </test-method> <!-- close -->
        <test-method status="PASS" signature="setUp()[pri:0, instance:automation.Testing@35d176f7]" name="setUp" is-config="true" duration-ms="6386" started-at="2020-12-20T01:41:46 IST" finished-at="2020-12-20T01:41:52 IST">
          <reporter-output>
          </reporter-output>
        </test-method> <!-- setUp -->
        <test-method status="PASS" signature="ContactUsLinkTest()[pri:12, instance:automation.Testing@35d176f7]" name="ContactUsLinkTest" duration-ms="9622" started-at="2020-12-20T01:41:52 IST" finished-at="2020-12-20T01:42:02 IST">
          <reporter-output>
          </reporter-output>
        </test-method> <!-- ContactUsLinkTest -->
        <test-method status="PASS" signature="close()[pri:0, instance:automation.Testing@35d176f7]" name="close" is-config="true" duration-ms="1216" started-at="2020-12-20T01:42:02 IST" finished-at="2020-12-20T01:42:03 IST">
          <reporter-output>
          </reporter-output>
        </test-method> <!-- close -->
        <test-method status="PASS" signature="setUp()[pri:0, instance:automation.Testing@35d176f7]" name="setUp" is-config="true" duration-ms="5731" started-at="2020-12-20T01:42:03 IST" finished-at="2020-12-20T01:42:09 IST">
          <reporter-output>
          </reporter-output>
        </test-method> <!-- setUp -->
        <test-method status="PASS" signature="ContactUsNoOfLinksTest()[pri:13, instance:automation.Testing@35d176f7]" name="ContactUsNoOfLinksTest" duration-ms="3799" started-at="2020-12-20T01:42:09 IST" finished-at="2020-12-20T01:42:13 IST">
          <reporter-output>
          </reporter-output>
        </test-method> <!-- ContactUsNoOfLinksTest -->
        <test-method status="PASS" signature="close()[pri:0, instance:automation.Testing@35d176f7]" name="close" is-config="true" duration-ms="639" started-at="2020-12-20T01:42:13 IST" finished-at="2020-12-20T01:42:13 IST">
          <reporter-output>
          </reporter-output>
        </test-method> <!-- close -->
        <test-method status="PASS" signature="setUp()[pri:0, instance:automation.Testing@35d176f7]" name="setUp" is-config="true" duration-ms="5526" started-at="2020-12-20T01:42:13 IST" finished-at="2020-12-20T01:42:19 IST">
          <reporter-output>
          </reporter-output>
        </test-method> <!-- setUp -->
        <test-method status="PASS" signature="SparksPageGlobalLinkTest()[pri:14, instance:automation.Testing@35d176f7]" name="SparksPageGlobalLinkTest" duration-ms="6193" started-at="2020-12-20T01:42:19 IST" finished-at="2020-12-20T01:42:25 IST">
          <reporter-output>
          </reporter-output>
        </test-method> <!-- SparksPageGlobalLinkTest -->
        <test-method status="PASS" signature="close()[pri:0, instance:automation.Testing@35d176f7]" name="close" is-config="true" duration-ms="640" started-at="2020-12-20T01:42:25 IST" finished-at="2020-12-20T01:42:26 IST">
          <reporter-output>
          </reporter-output>
        </test-method> <!-- close -->
        <test-method status="PASS" signature="setUp()[pri:0, instance:automation.Testing@35d176f7]" name="setUp" is-config="true" duration-ms="5802" started-at="2020-12-20T01:42:26 IST" finished-at="2020-12-20T01:42:31 IST">
          <reporter-output>
          </reporter-output>
        </test-method> <!-- setUp -->
        <test-method status="PASS" signature="CorrectPageDisplayedTest()[pri:15, instance:automation.Testing@35d176f7]" name="CorrectPageDisplayedTest" duration-ms="8573" started-at="2020-12-20T01:42:31 IST" finished-at="2020-12-20T01:42:40 IST">
          <reporter-output>
          </reporter-output>
        </test-method> <!-- CorrectPageDisplayedTest -->
        <test-method status="PASS" signature="close()[pri:0, instance:automation.Testing@35d176f7]" name="close" is-config="true" duration-ms="720" started-at="2020-12-20T01:42:40 IST" finished-at="2020-12-20T01:42:41 IST">
          <reporter-output>
          </reporter-output>
        </test-method> <!-- close -->
        <test-method status="PASS" signature="setUp()[pri:0, instance:automation.Testing@35d176f7]" name="setUp" is-config="true" duration-ms="5466" started-at="2020-12-20T01:42:41 IST" finished-at="2020-12-20T01:42:46 IST">
          <reporter-output>
          </reporter-output>
        </test-method> <!-- setUp -->
        <test-method status="PASS" signature="NoOfLinkTest()[pri:16, instance:automation.Testing@35d176f7]" name="NoOfLinkTest" duration-ms="8660" started-at="2020-12-20T01:42:46 IST" finished-at="2020-12-20T01:42:55 IST">
          <reporter-output>
          </reporter-output>
        </test-method> <!-- NoOfLinkTest -->
        <test-method status="PASS" signature="close()[pri:0, instance:automation.Testing@35d176f7]" name="close" is-config="true" duration-ms="710" started-at="2020-12-20T01:42:55 IST" finished-at="2020-12-20T01:42:56 IST">
          <reporter-output>
          </reporter-output>
        </test-method> <!-- close -->
      </class> <!-- automation.Testing -->
    </test> <!-- Default test -->
  </suite> <!-- Default suite -->
</testng-results>
